Starting Dynare (version 6.3).
Calling Dynare with arguments: none
Starting preprocessing of the model file ... 
Found 6 equation(s). 
Evaluating expressions... 
Computing static model derivatives (order 1). 
Normalizing the static model... 
Finding the optimal block decomposition of the static model... 
6 block(s) found: 
  6 recursive block(s) and 0 simultaneous block(s). 
  the largest simultaneous block has 0 equation(s) 
                                 and 0 feedback variable(s). 
Computing dynamic model derivatives (order 1). 
Normalizing the dynamic model... 
Finding the optimal block decomposition of the dynamic model... 
2 block(s) found: 
  1 recursive block(s) and 1 simultaneous block(s). 
  the largest simultaneous block has 4 equation(s) 
                                 and 4 feedback variable(s). 
Preprocessing completed. 
Preprocessing time: 0h00m00s.

STEADY-STATE RESULTS:

k   		 77.2351
q   		 1
i   		 11.5853
z   		 1
sdf 		 0.961538
c   		 9.37855

EIGENVALUES:
         Modulus             Real        Imaginary
       1.245e-15       -1.245e-15                0
             0.7              0.7                0
            0.96             0.96                0
           1.083            1.083                0
       1.052e+17       -1.052e+17                0

There are 2 eigenvalue(s) larger than 1 in modulus for 2 forward-looking variable(s)
The rank condition is verified.


MODEL SUMMARY

  Number of variables:         6
  Number of stochastic shocks: 1
  Number of state variables:   3
  Number of jumpers:           2
  Number of static variables:  2


MATRIX OF COVARIANCE OF EXOGENOUS SHOCKS
Variables       eps_z
eps_z        0.010000

POLICY AND TRANSITION FUNCTIONS
                                   k               q               i               z             sdf               c
Constant                   77.235115        1.000000       11.585267        1.000000        0.961538        9.378550
k(-1)                       0.960045               0        0.110045               0       -0.016395        0.079955
c(-1)                              0               0               0               0        0.205051               0
z(-1)                      12.581255               0       12.581255        0.700000       -0.429256        2.093416
eps_z                      17.973222               0       17.973222        1.000000       -0.613223        2.990595


MOMENTS OF SIMULATED VARIABLES
VARIABLE              MEAN       STD. DEV.        VARIANCE        SKEWNESS        KURTOSIS
k                74.914813       18.464885      340.951965       -0.223881       -0.098928
q                 1.000000        0.000000        0.000000             NaN             NaN
i                11.255903        3.536342       12.505714       -0.175741       -0.091558
z                 0.996016        0.136097        0.018522       -0.013415       -0.108698
sdf               0.961145        0.062753        0.003938       -0.084738        0.053114
c                 9.179356        1.622866        2.633694       -0.223164       -0.096816


CORRELATION OF SIMULATED VARIABLES
VARIABLE          k        q        i        z      sdf        c
k            1.0000      NaN   0.8213   0.3639   0.0072   0.9932
q               NaN      NaN      NaN      NaN      NaN      NaN
i            0.8213      NaN   1.0000   0.8302  -0.5001   0.8823
z            0.3639      NaN   0.8302   1.0000  -0.8236   0.4701
sdf          0.0072      NaN  -0.5001  -0.8236   1.0000  -0.0963
c            0.9932      NaN   0.8823   0.4701  -0.0963   1.0000


AUTOCORRELATION OF SIMULATED VARIABLES
VARIABLE         1       2       3       4       5
k           0.9912  0.9719  0.9456  0.9144  0.8803
q              NaN     NaN     NaN     NaN     NaN
i           0.8636  0.7639  0.6936  0.6299  0.5791
z           0.6898  0.4806  0.3506  0.2426  0.1686
sdf         0.2088  0.1245  0.1121  0.0486  0.0202
c           0.9817  0.9565  0.9269  0.8933  0.8580
Total computing time : 0h00m10s
